c:\users\gald1\onedrive\שולחן העבודה\galdruker_yakirzafrani_hw4\x64\debug\vc141.pdb
c:\users\gald1\onedrive\שולחן העבודה\galdruker_yakirzafrani_hw4\x64\debug\vc141.idb
c:\users\gald1\onedrive\שולחן העבודה\galdruker_yakirzafrani_hw4\x64\debug\supermarket.obj
c:\users\gald1\onedrive\שולחן העבודה\galdruker_yakirzafrani_hw4\x64\debug\superfile.obj
c:\users\gald1\onedrive\שולחן העבודה\galdruker_yakirzafrani_hw4\x64\debug\shoppingitem.obj
c:\users\gald1\onedrive\שולחן העבודה\galdruker_yakirzafrani_hw4\x64\debug\shoppingcart.obj
c:\users\gald1\onedrive\שולחן העבודה\galdruker_yakirzafrani_hw4\x64\debug\product.obj
c:\users\gald1\onedrive\שולחן העבודה\galdruker_yakirzafrani_hw4\x64\debug\main.obj
c:\users\gald1\onedrive\שולחן העבודה\galdruker_yakirzafrani_hw4\x64\debug\generallist.obj
c:\users\gald1\onedrive\שולחן העבודה\galdruker_yakirzafrani_hw4\x64\debug\general.obj
c:\users\gald1\onedrive\שולחן העבודה\galdruker_yakirzafrani_hw4\x64\debug\filehelper.obj
c:\users\gald1\onedrive\שולחן העבודה\galdruker_yakirzafrani_hw4\x64\debug\customer.obj
c:\users\gald1\onedrive\שולחן העבודה\galdruker_yakirzafrani_hw4\x64\debug\address.obj
c:\users\gald1\onedrive\שולחן העבודה\hw3\x64\debug\hw3.exe
c:\users\gald1\onedrive\שולחן העבודה\hw3\x64\debug\hw3.ilk
c:\users\gald1\onedrive\שולחן העבודה\hw3\x64\debug\hw3.pdb
c:\users\gald1\onedrive\שולחן העבודה\galdruker_yakirzafrani_hw4\x64\debug\hw3.exe
c:\users\gald1\onedrive\שולחן העבודה\galdruker_yakirzafrani_hw4\x64\debug\hw3.ilk
c:\users\gald1\onedrive\שולחן העבודה\galdruker_yakirzafrani_hw4\x64\debug\hw3.pdb
c:\users\gald1\onedrive\שולחן העבודה\galdruker_yakirzafrani_hw4\x64\debug\hw3.tlog\cl.command.1.tlog
c:\users\gald1\onedrive\שולחן העבודה\galdruker_yakirzafrani_hw4\x64\debug\hw3.tlog\cl.read.1.tlog
c:\users\gald1\onedrive\שולחן העבודה\galdruker_yakirzafrani_hw4\x64\debug\hw3.tlog\cl.write.1.tlog
c:\users\gald1\onedrive\שולחן העבודה\galdruker_yakirzafrani_hw4\x64\debug\hw3.tlog\link.command.1.tlog
c:\users\gald1\onedrive\שולחן העבודה\galdruker_yakirzafrani_hw4\x64\debug\hw3.tlog\link.read.1.tlog
c:\users\gald1\onedrive\שולחן העבודה\galdruker_yakirzafrani_hw4\x64\debug\hw3.tlog\link.write.1.tlog
